

  MyAsyncSequence tests
    √ account with .num==2 when calling getAccountByNumAfterDelay(2,500) (503ms)
    √ user with .userId==6 when calling getUserByIdAfterDelay(6,500) (502ms)

  my simpleAsync tests
initialisation : new ... or ...
account:{"num":8,"balance":594.5312474640903,"ownerId":38}
    1) abc shoud be ABC in upperCase with returned Promise 
initialisation : new ... or ...
    2) abc shoud be ABC in upperCase with async/await


  2 passing (2s)
  2 failing

  1) my simpleAsync tests
       abc shoud be ABC in upperCase with returned Promise :
     AssertionError: AssertionError: expected 'ABCs' to equal 'ABC'
      at D:\tp\local-git-didier-tp-repositories\isikadev7_frontend\tp-js\bases-ts\dist\test\simpleAsync-spec.js:63:44

  2) my simpleAsync tests
       abc shoud be ABC in upperCase with async/await:
     AssertionError: AssertionError: expected 'ABCs' to equal 'ABC'
      at Context.<anonymous> (dist\test\simpleAsync-spec.js:79:32)
      at step (dist\test\simpleAsync-spec.js:33:23)
      at Object.next (dist\test\simpleAsync-spec.js:14:53)
      at fulfilled (dist\test\simpleAsync-spec.js:5:58)



user (owner of account):{"userId":38,"firstName":"firstName_38","lastName":"lastname38"}
